0 info it worked if it ends with ok
1 verbose cli [ '/usr/local/bin/node', '/usr/local/bin/npm', 'install' ]
2 info using npm@3.10.10
3 info using node@v6.10.0
4 silly loadCurrentTree Starting
5 silly install loadCurrentTree
6 silly install readLocalPackageData
7 silly install normalizeTree
8 silly loadCurrentTree Finishing
9 silly loadIdealTree Starting
10 silly install loadIdealTree
11 silly cloneCurrentTree Starting
12 silly install cloneCurrentTreeToIdealTree
13 silly cloneCurrentTree Finishing
14 silly loadShrinkwrap Starting
15 silly install loadShrinkwrap
16 silly loadShrinkwrap Finishing
17 silly loadAllDepsIntoIdealTree Starting
18 silly install loadAllDepsIntoIdealTree
19 silly fetchNamedPackageData @ngui/popup
20 silly mapToRegistry name @ngui/popup
21 silly mapToRegistry scope (from package name) @ngui
22 verbose mapToRegistry no registry URL found in name for scope @ngui
23 silly mapToRegistry using default registry
24 silly mapToRegistry registry https://registry.npmjs.org/
25 silly mapToRegistry data Result {
25 silly mapToRegistry   raw: '@ngui/popup',
25 silly mapToRegistry   scope: '@ngui',
25 silly mapToRegistry   escapedName: '@ngui%2fpopup',
25 silly mapToRegistry   name: '@ngui/popup',
25 silly mapToRegistry   rawSpec: '',
25 silly mapToRegistry   spec: 'latest',
25 silly mapToRegistry   type: 'tag' }
26 silly mapToRegistry uri https://registry.npmjs.org/@ngui%2fpopup
27 silly fetchOtherPackageData ng2-bs3-modal@github:node_modules/ng2-bs3-modal
28 silly cache add args [ 'ng2-bs3-modal@github:node_modules/ng2-bs3-modal', null ]
29 verbose cache add spec ng2-bs3-modal@github:node_modules/ng2-bs3-modal
30 verbose request uri https://registry.npmjs.org/@ngui%2fpopup
31 verbose request no auth needed
32 info attempt registry request try #1 at 10:31:08 AM
33 verbose request id 24c9452301e7b281
34 http request GET https://registry.npmjs.org/@ngui%2fpopup
35 silly cache add parsed spec Result {
35 silly cache add   raw: 'ng2-bs3-modal@github:node_modules/ng2-bs3-modal',
35 silly cache add   scope: null,
35 silly cache add   escapedName: 'ng2-bs3-modal',
35 silly cache add   name: 'ng2-bs3-modal',
35 silly cache add   rawSpec: 'github:node_modules/ng2-bs3-modal',
35 silly cache add   spec: 'github:node_modules/ng2-bs3-modal',
35 silly cache add   type: 'hosted',
35 silly cache add   hosted:
35 silly cache add    { type: 'github',
35 silly cache add      ssh: 'git@github.com:node_modules/ng2-bs3-modal.git',
35 silly cache add      sshUrl: 'git+ssh://git@github.com/node_modules/ng2-bs3-modal.git',
35 silly cache add      httpsUrl: 'git+https://github.com/node_modules/ng2-bs3-modal.git',
35 silly cache add      gitUrl: 'git://github.com/node_modules/ng2-bs3-modal.git',
35 silly cache add      shortcut: 'github:node_modules/ng2-bs3-modal',
35 silly cache add      directUrl: 'https://raw.githubusercontent.com/node_modules/ng2-bs3-modal/master/package.json' } }
36 verbose addRemoteGit caching github:node_modules/ng2-bs3-modal
37 verbose addRemoteGit node_modules/ng2-bs3-modal is a repository hosted by github
38 silly tryGitProto attempting to clone git://github.com/node_modules/ng2-bs3-modal.git
39 silly tryClone cloning node_modules/ng2-bs3-modal via git://github.com/node_modules/ng2-bs3-modal.git
40 verbose tryClone git-github-com-node-modules-ng2-bs3-modal-git-bc611efa not in flight; caching
41 verbose correctMkdir /Users/glebkozenko/.npm/_git-remotes correctMkdir not in flight; initializing
42 verbose makeDirectory /Users/glebkozenko/.npm/_git-remotes creation not in flight; initializing
43 silly makeDirectory /Users/glebkozenko/.npm/_git-remotes uid: 501 gid: 20
44 info git [ 'clone',
44 info git   '--template=/Users/glebkozenko/.npm/_git-remotes/_templates',
44 info git   '--mirror',
44 info git   'git://github.com/node_modules/ng2-bs3-modal.git',
44 info git   '/Users/glebkozenko/.npm/_git-remotes/git-github-com-node-modules-ng2-bs3-modal-git-bc611efa' ]
45 verbose git clone --template=/Users/glebkozenko/.npm/_git-remotes/_templates --mirror git://github.com/node_modules/ng2-bs3-modal.git /Users/glebkozenko/.npm/_git-remotes/git-github-com-node-modules-ng2-bs3-modal-git-bc611efa: Cloning into bare repository '/Users/glebkozenko/.npm/_git-remotes/git-github-com-node-modules-ng2-bs3-modal-git-bc611efa'...
45 verbose git clone --template=/Users/glebkozenko/.npm/_git-remotes/_templates --mirror git://github.com/node_modules/ng2-bs3-modal.git /Users/glebkozenko/.npm/_git-remotes/git-github-com-node-modules-ng2-bs3-modal-git-bc611efa: fatal: remote error:
45 verbose git clone --template=/Users/glebkozenko/.npm/_git-remotes/_templates --mirror git://github.com/node_modules/ng2-bs3-modal.git /Users/glebkozenko/.npm/_git-remotes/git-github-com-node-modules-ng2-bs3-modal-git-bc611efa:   Repository not found.
46 silly tryHTTPS attempting to clone git+https://github.com/node_modules/ng2-bs3-modal.git
47 silly tryClone cloning node_modules/ng2-bs3-modal via git+https://github.com/node_modules/ng2-bs3-modal.git
48 verbose tryClone git-https-github-com-node-modules-ng2-bs3-modal-git-166d2abd not in flight; caching
49 verbose correctMkdir /Users/glebkozenko/.npm/_git-remotes correctMkdir not in flight; initializing
50 info git [ 'clone',
50 info git   '--template=/Users/glebkozenko/.npm/_git-remotes/_templates',
50 info git   '--mirror',
50 info git   'https://github.com/node_modules/ng2-bs3-modal.git',
50 info git   '/Users/glebkozenko/.npm/_git-remotes/git-https-github-com-node-modules-ng2-bs3-modal-git-166d2abd' ]
51 http 200 https://registry.npmjs.org/@ngui%2fpopup
52 verbose headers { 'content-type': 'application/json',
52 verbose headers   server: 'nginx/1.10.3',
52 verbose headers   'last-modified': 'Thu, 11 May 2017 16:03:04 GMT',
52 verbose headers   etag: 'W/"59148b38-24dc"',
52 verbose headers   'content-encoding': 'gzip',
52 verbose headers   'cache-control': 'max-age=0',
52 verbose headers   'transfer-encoding': 'chunked',
52 verbose headers   'accept-ranges': 'bytes',
52 verbose headers   date: 'Sat, 24 Jun 2017 14:31:08 GMT',
52 verbose headers   via: '1.1 varnish',
52 verbose headers   age: '0',
52 verbose headers   connection: 'keep-alive',
52 verbose headers   'x-served-by': 'cache-yyz8323-YYZ',
52 verbose headers   'x-cache': 'MISS',
52 verbose headers   'x-cache-hits': '0',
52 verbose headers   'x-timer': 'S1498314668.208854,VS0,VE341',
52 verbose headers   vary: 'Accept-Encoding' }
53 silly get cb [ 200,
53 silly get   { 'content-type': 'application/json',
53 silly get     server: 'nginx/1.10.3',
53 silly get     'last-modified': 'Thu, 11 May 2017 16:03:04 GMT',
53 silly get     etag: 'W/"59148b38-24dc"',
53 silly get     'content-encoding': 'gzip',
53 silly get     'cache-control': 'max-age=0',
53 silly get     'transfer-encoding': 'chunked',
53 silly get     'accept-ranges': 'bytes',
53 silly get     date: 'Sat, 24 Jun 2017 14:31:08 GMT',
53 silly get     via: '1.1 varnish',
53 silly get     age: '0',
53 silly get     connection: 'keep-alive',
53 silly get     'x-served-by': 'cache-yyz8323-YYZ',
53 silly get     'x-cache': 'MISS',
53 silly get     'x-cache-hits': '0',
53 silly get     'x-timer': 'S1498314668.208854,VS0,VE341',
53 silly get     vary: 'Accept-Encoding' } ]
54 verbose get saving @ngui/popup to /Users/glebkozenko/.npm/registry.npmjs.org/_40ngui_252fpopup/.cache.json
55 verbose correctMkdir /Users/glebkozenko/.npm correctMkdir not in flight; initializing
56 silly resolveWithNewModule @ngui/popup@0.5.1 checking installable status
57 silly cache add args [ '@ngui/popup@^0.5.1', null ]
58 verbose cache add spec @ngui/popup@^0.5.1
59 silly cache add parsed spec Result {
59 silly cache add   raw: '@ngui/popup@^0.5.1',
59 silly cache add   scope: '@ngui',
59 silly cache add   escapedName: '@ngui%2fpopup',
59 silly cache add   name: '@ngui/popup',
59 silly cache add   rawSpec: '^0.5.1',
59 silly cache add   spec: '>=0.5.1 <0.6.0',
59 silly cache add   type: 'range' }
60 silly addNamed @ngui/popup@>=0.5.1 <0.6.0
61 verbose addNamed ">=0.5.1 <0.6.0" is a valid semver range for @ngui/popup
62 silly addNameRange { name: '@ngui/popup', range: '>=0.5.1 <0.6.0', hasData: false }
63 silly mapToRegistry name @ngui/popup
64 silly mapToRegistry scope (from package name) @ngui
65 verbose mapToRegistry no registry URL found in name for scope @ngui
66 silly mapToRegistry using default registry
67 silly mapToRegistry registry https://registry.npmjs.org/
68 silly mapToRegistry data Result {
68 silly mapToRegistry   raw: '@ngui/popup',
68 silly mapToRegistry   scope: '@ngui',
68 silly mapToRegistry   escapedName: '@ngui%2fpopup',
68 silly mapToRegistry   name: '@ngui/popup',
68 silly mapToRegistry   rawSpec: '',
68 silly mapToRegistry   spec: 'latest',
68 silly mapToRegistry   type: 'tag' }
69 silly mapToRegistry uri https://registry.npmjs.org/@ngui%2fpopup
70 verbose addNameRange registry:https://registry.npmjs.org/@ngui%2fpopup not in flight; fetching
71 verbose get https://registry.npmjs.org/@ngui%2fpopup not expired, no request
72 silly addNameRange number 2 { name: '@ngui/popup', range: '>=0.5.1 <0.6.0', hasData: true }
73 silly addNameRange versions [ '@ngui/popup', [ '0.5.0', '0.5.1' ] ]
74 silly addNamed @ngui/popup@0.5.1
75 verbose addNamed "0.5.1" is a plain semver version for @ngui/popup
76 silly mapToRegistry name @ngui/popup
77 silly mapToRegistry scope (from package name) @ngui
78 verbose mapToRegistry no registry URL found in name for scope @ngui
79 silly mapToRegistry using default registry
80 silly mapToRegistry registry https://registry.npmjs.org/
81 silly mapToRegistry data Result {
81 silly mapToRegistry   raw: '@ngui/popup',
81 silly mapToRegistry   scope: '@ngui',
81 silly mapToRegistry   escapedName: '@ngui%2fpopup',
81 silly mapToRegistry   name: '@ngui/popup',
81 silly mapToRegistry   rawSpec: '',
81 silly mapToRegistry   spec: 'latest',
81 silly mapToRegistry   type: 'tag' }
82 silly mapToRegistry uri https://registry.npmjs.org/@ngui%2fpopup
83 verbose addRemoteTarball https://registry.npmjs.org/@ngui/popup/-/popup-0.5.1.tgz not in flight; adding
84 verbose addRemoteTarball [ 'https://registry.npmjs.org/@ngui/popup/-/popup-0.5.1.tgz',
84 verbose addRemoteTarball   '0f5054fff75e24512aac5cf22757cb1e8867096c' ]
85 info retry fetch attempt 1 at 10:31:08 AM
86 info attempt registry request try #1 at 10:31:08 AM
87 http fetch GET https://registry.npmjs.org/@ngui/popup/-/popup-0.5.1.tgz
88 verbose git clone --template=/Users/glebkozenko/.npm/_git-remotes/_templates --mirror https://github.com/node_modules/ng2-bs3-modal.git /Users/glebkozenko/.npm/_git-remotes/git-https-github-com-node-modules-ng2-bs3-modal-git-166d2abd: Cloning into bare repository '/Users/glebkozenko/.npm/_git-remotes/git-https-github-com-node-modules-ng2-bs3-modal-git-166d2abd'...
88 verbose git clone --template=/Users/glebkozenko/.npm/_git-remotes/_templates --mirror https://github.com/node_modules/ng2-bs3-modal.git /Users/glebkozenko/.npm/_git-remotes/git-https-github-com-node-modules-ng2-bs3-modal-git-166d2abd: remote: Invalid username or password.
88 verbose git clone --template=/Users/glebkozenko/.npm/_git-remotes/_templates --mirror https://github.com/node_modules/ng2-bs3-modal.git /Users/glebkozenko/.npm/_git-remotes/git-https-github-com-node-modules-ng2-bs3-modal-git-166d2abd: fatal: Authentication failed for 'https://github.com/node_modules/ng2-bs3-modal.git/'
89 silly trySSH attempting to clone git@github.com:node_modules/ng2-bs3-modal.git
90 silly tryClone cloning node_modules/ng2-bs3-modal via git@github.com:node_modules/ng2-bs3-modal.git
91 verbose tryClone git-github-com-node-modules-ng2-bs3-modal-git-9f55de49 not in flight; caching
92 verbose correctMkdir /Users/glebkozenko/.npm/_git-remotes correctMkdir not in flight; initializing
93 info git [ 'clone',
93 info git   '--template=/Users/glebkozenko/.npm/_git-remotes/_templates',
93 info git   '--mirror',
93 info git   'git@github.com:node_modules/ng2-bs3-modal.git',
93 info git   '/Users/glebkozenko/.npm/_git-remotes/git-github-com-node-modules-ng2-bs3-modal-git-9f55de49' ]
94 http fetch 200 https://registry.npmjs.org/@ngui/popup/-/popup-0.5.1.tgz
95 error git clone --template=/Users/glebkozenko/.npm/_git-remotes/_templates --mirror git@github.com:node_modules/ng2-bs3-modal.git /Users/glebkozenko/.npm/_git-remotes/git-github-com-node-modules-ng2-bs3-modal-git-9f55de49: Cloning into bare repository '/Users/glebkozenko/.npm/_git-remotes/git-github-com-node-modules-ng2-bs3-modal-git-9f55de49'...
95 error git clone --template=/Users/glebkozenko/.npm/_git-remotes/_templates --mirror git@github.com:node_modules/ng2-bs3-modal.git /Users/glebkozenko/.npm/_git-remotes/git-github-com-node-modules-ng2-bs3-modal-git-9f55de49: ERROR: Repository not found.
95 error git clone --template=/Users/glebkozenko/.npm/_git-remotes/_templates --mirror git@github.com:node_modules/ng2-bs3-modal.git /Users/glebkozenko/.npm/_git-remotes/git-github-com-node-modules-ng2-bs3-modal-git-9f55de49: fatal: Could not read from remote repository.
95 error git clone --template=/Users/glebkozenko/.npm/_git-remotes/_templates --mirror git@github.com:node_modules/ng2-bs3-modal.git /Users/glebkozenko/.npm/_git-remotes/git-github-com-node-modules-ng2-bs3-modal-git-9f55de49:
95 error git clone --template=/Users/glebkozenko/.npm/_git-remotes/_templates --mirror git@github.com:node_modules/ng2-bs3-modal.git /Users/glebkozenko/.npm/_git-remotes/git-github-com-node-modules-ng2-bs3-modal-git-9f55de49: Please make sure you have the correct access rights
95 error git clone --template=/Users/glebkozenko/.npm/_git-remotes/_templates --mirror git@github.com:node_modules/ng2-bs3-modal.git /Users/glebkozenko/.npm/_git-remotes/git-github-com-node-modules-ng2-bs3-modal-git-9f55de49: and the repository exists.
96 silly fetchPackageMetaData Error: Command failed: git clone --template=/Users/glebkozenko/.npm/_git-remotes/_templates --mirror git@github.com:node_modules/ng2-bs3-modal.git /Users/glebkozenko/.npm/_git-remotes/git-github-com-node-modules-ng2-bs3-modal-git-9f55de49
96 silly fetchPackageMetaData Cloning into bare repository '/Users/glebkozenko/.npm/_git-remotes/git-github-com-node-modules-ng2-bs3-modal-git-9f55de49'...
96 silly fetchPackageMetaData ERROR: Repository not found.
96 silly fetchPackageMetaData fatal: Could not read from remote repository.
96 silly fetchPackageMetaData
96 silly fetchPackageMetaData Please make sure you have the correct access rights
96 silly fetchPackageMetaData and the repository exists.
96 silly fetchPackageMetaData
96 silly fetchPackageMetaData     at ChildProcess.exithandler (child_process.js:206:12)
96 silly fetchPackageMetaData     at emitTwo (events.js:106:13)
96 silly fetchPackageMetaData     at ChildProcess.emit (events.js:191:7)
96 silly fetchPackageMetaData     at maybeClose (internal/child_process.js:877:16)
96 silly fetchPackageMetaData     at Process.ChildProcess._handle.onexit (internal/child_process.js:226:5)
96 silly fetchPackageMetaData  error for ng2-bs3-modal@github:node_modules/ng2-bs3-modal { Error: Command failed: git clone --template=/Users/glebkozenko/.npm/_git-remotes/_templates --mirror git@github.com:node_modules/ng2-bs3-modal.git /Users/glebkozenko/.npm/_git-remotes/git-github-com-node-modules-ng2-bs3-modal-git-9f55de49
96 silly fetchPackageMetaData Cloning into bare repository '/Users/glebkozenko/.npm/_git-remotes/git-github-com-node-modules-ng2-bs3-modal-git-9f55de49'...
96 silly fetchPackageMetaData ERROR: Repository not found.
96 silly fetchPackageMetaData fatal: Could not read from remote repository.
96 silly fetchPackageMetaData
96 silly fetchPackageMetaData Please make sure you have the correct access rights
96 silly fetchPackageMetaData and the repository exists.
96 silly fetchPackageMetaData
96 silly fetchPackageMetaData     at ChildProcess.exithandler (child_process.js:206:12)
96 silly fetchPackageMetaData     at emitTwo (events.js:106:13)
96 silly fetchPackageMetaData     at ChildProcess.emit (events.js:191:7)
96 silly fetchPackageMetaData     at maybeClose (internal/child_process.js:877:16)
96 silly fetchPackageMetaData     at Process.ChildProcess._handle.onexit (internal/child_process.js:226:5)
96 silly fetchPackageMetaData   killed: false,
96 silly fetchPackageMetaData   code: 128,
96 silly fetchPackageMetaData   signal: null,
96 silly fetchPackageMetaData   cmd: 'git clone --template=/Users/glebkozenko/.npm/_git-remotes/_templates --mirror git@github.com:node_modules/ng2-bs3-modal.git /Users/glebkozenko/.npm/_git-remotes/git-github-com-node-modules-ng2-bs3-modal-git-9f55de49' }
97 silly fetchAndShaCheck shasum 0f5054fff75e24512aac5cf22757cb1e8867096c
98 verbose addTmpTarball /var/folders/nz/qvnn_tg965j4s45pkhr_844w0000gn/T/npm-49250-b84dcfc8/registry.npmjs.org/_40ngui/popup/-/popup-0.5.1.tgz not in flight; adding
99 verbose addTmpTarball already have metadata; skipping unpack for @ngui/popup@0.5.1
100 verbose correctMkdir /Users/glebkozenko/.npm correctMkdir not in flight; initializing
101 silly cache afterAdd @ngui/popup@0.5.1
102 verbose afterAdd /Users/glebkozenko/.npm/@ngui/popup/0.5.1/package/package.json not in flight; writing
103 verbose correctMkdir /Users/glebkozenko/.npm correctMkdir not in flight; initializing
104 verbose afterAdd /Users/glebkozenko/.npm/@ngui/popup/0.5.1/package/package.json written
105 silly rollbackFailedOptional Starting
106 silly rollbackFailedOptional Finishing
107 silly runTopLevelLifecycles Finishing
108 silly install printInstalled
109 verbose stack Error: Command failed: git clone --template=/Users/glebkozenko/.npm/_git-remotes/_templates --mirror git@github.com:node_modules/ng2-bs3-modal.git /Users/glebkozenko/.npm/_git-remotes/git-github-com-node-modules-ng2-bs3-modal-git-9f55de49
109 verbose stack Cloning into bare repository '/Users/glebkozenko/.npm/_git-remotes/git-github-com-node-modules-ng2-bs3-modal-git-9f55de49'...
109 verbose stack ERROR: Repository not found.
109 verbose stack fatal: Could not read from remote repository.
109 verbose stack
109 verbose stack Please make sure you have the correct access rights
109 verbose stack and the repository exists.
109 verbose stack
109 verbose stack     at ChildProcess.exithandler (child_process.js:206:12)
109 verbose stack     at emitTwo (events.js:106:13)
109 verbose stack     at ChildProcess.emit (events.js:191:7)
109 verbose stack     at maybeClose (internal/child_process.js:877:16)
109 verbose stack     at Process.ChildProcess._handle.onexit (internal/child_process.js:226:5)
110 verbose cwd /Users/glebkozenko/git/neshh
111 error Darwin 16.5.0
112 error argv "/usr/local/bin/node" "/usr/local/bin/npm" "install"
113 error node v6.10.0
114 error npm  v3.10.10
115 error code 128
116 error Command failed: git clone --template=/Users/glebkozenko/.npm/_git-remotes/_templates --mirror git@github.com:node_modules/ng2-bs3-modal.git /Users/glebkozenko/.npm/_git-remotes/git-github-com-node-modules-ng2-bs3-modal-git-9f55de49
116 error Cloning into bare repository '/Users/glebkozenko/.npm/_git-remotes/git-github-com-node-modules-ng2-bs3-modal-git-9f55de49'...
116 error ERROR: Repository not found.
116 error fatal: Could not read from remote repository.
116 error
116 error Please make sure you have the correct access rights
116 error and the repository exists.
117 error If you need help, you may report this error at:
117 error     <https://github.com/npm/npm/issues>
118 verbose exit [ 1, true ]
